<?xml version="1.0" encoding="UTF-8"?>
<testsuite xmlns:xsi="http://www.w3.org/2001/XMLSchema-instance" xsi:noNamespaceSchemaLocation="https://maven.apache.org/surefire/maven-surefire-plugin/xsd/surefire-test-report.xsd" name="wargames.GeneralTest" time="0.221" tests="9" errors="0" skipped="0" failures="0">
  <properties>
[...]
</properties>
  <testcase name="testCommandDrill" classname="wargames.GeneralTest" time="0.052"/>
  <testcase name="testGetArmy" classname="wargames.GeneralTest" time="0"/>
  <testcase name="testGetGold" classname="wargames.GeneralTest" time="0"/>
  <testcase name="testGetArmyStrength" classname="wargames.GeneralTest" time="0.003"/>
  <testcase name="testBuySoldier" classname="wargames.GeneralTest" time="0.007"/>
  <testcase name="testAddToArmy" classname="wargames.GeneralTest" time="0.004"/>
  <testcase name="testRemoveSoldier" classname="wargames.GeneralTest" time="0.033"/>
  <testcase name="testSetGold" classname="wargames.GeneralTest" time="0.003"/>
  <testcase name="testSetName" classname="wargames.GeneralTest" time="0"/>
</testsuite>